11:44:21.494 [main] INFO  factory.BaseClass - sorts by price High to Low
11:44:25.214 [main] INFO  factory.BaseClass - fetch the top three items & print all details in console output
11:44:25.940 [main] INFO  factory.BaseClass - user clicks on the living menu
11:44:29.707 [main] INFO  factory.BaseClass - retrieve all items under Living Storage sub-menu and print the same on the console
11:44:38.616 [main] INFO  factory.BaseClass - user clicks on gift cards
11:44:44.140 [main] INFO  factory.BaseClass - user chooses Birthday or Anniversary
11:44:48.274 [main] INFO  factory.BaseClass - user enters the valid amount, month and date
11:44:51.715 [main] INFO  factory.BaseClass - user clicks on the next button
11:44:57.048 [main] INFO  factory.BaseClass - user fills To & From details
11:45:02.344 [main] INFO  factory.BaseClass - validate the email id
11:45:11.106 [main] INFO  factory.BaseClass - the id is not valid and user gives correct email id
11:45:15.238 [main] INFO  factory.BaseClass - validate the details in Confirm Details section
11:45:15.803 [main] INFO  factory.BaseClass - close the browser
15:41:38.770 [main] INFO  factory.BaseClass - user opens urbanladder website
15:41:50.183 [main] INFO  factory.BaseClass - user searches for Bookshelves
15:41:55.664 [main] INFO  factory.BaseClass - user selects the price range below fifteen thousand
15:41:59.473 [main] INFO  factory.BaseClass - user chooses the category Kid Bookshelves
15:42:03.037 [main] INFO  factory.BaseClass - exclude out of stock
15:42:06.807 [main] INFO  factory.BaseClass - sorts by price High to Low
15:42:10.408 [main] INFO  factory.BaseClass - fetch the top three items & print all details in console output
15:42:10.986 [main] INFO  factory.BaseClass - user clicks on the living menu
15:42:14.695 [main] INFO  factory.BaseClass - retrieve all items under Living Storage sub-menu and print the same on the console
15:42:22.222 [main] INFO  factory.BaseClass - user clicks on gift cards
15:42:27.745 [main] INFO  factory.BaseClass - user chooses Birthday or Anniversary
15:42:32.028 [main] INFO  factory.BaseClass - user enters the valid amount, month and date
15:42:35.588 [main] INFO  factory.BaseClass - user clicks on the next button
15:42:41.517 [main] INFO  factory.BaseClass - user fills To & From details
15:42:46.868 [main] INFO  factory.BaseClass - validate the email id
15:42:55.564 [main] INFO  factory.BaseClass - the id is not valid and user gives correct email id
15:42:59.742 [main] INFO  factory.BaseClass - validate the details in Confirm Details section
15:43:00.363 [main] INFO  factory.BaseClass - close the browser
16:52:47.718 [main] INFO  factory.BaseClass - user opens urbanladder website
16:54:38.289 [main] INFO  factory.BaseClass - user opens urbanladder website
16:56:09.405 [main] INFO  factory.BaseClass - user opens urbanladder website
16:56:21.142 [main] INFO  factory.BaseClass - user searches for Bookshelves
16:56:25.927 [main] INFO  factory.BaseClass - user selects the price range below fifteen thousand
16:56:29.617 [main] INFO  factory.BaseClass - user chooses the category Kid Bookshelves
16:56:33.146 [main] INFO  factory.BaseClass - exclude out of stock
16:56:36.945 [main] INFO  factory.BaseClass - sorts by price High to Low
16:56:40.455 [main] INFO  factory.BaseClass - fetch the top three items & print all details in console output
16:56:40.919 [main] INFO  factory.BaseClass - user clicks on the living menu
16:56:44.578 [main] INFO  factory.BaseClass - retrieve all items under Living Storage sub-menu and print the same on the console
16:57:20.204 [main] INFO  factory.BaseClass - user clicks on gift cards
16:57:25.736 [main] INFO  factory.BaseClass - user chooses Birthday or Anniversary
16:57:29.975 [main] INFO  factory.BaseClass - user enters the valid amount, month and date
16:57:33.440 [main] INFO  factory.BaseClass - user clicks on the next button
16:57:38.962 [main] INFO  factory.BaseClass - user fills To & From details
16:57:44.274 [main] INFO  factory.BaseClass - validate the email id
16:57:53.028 [main] INFO  factory.BaseClass - the id is not valid and user gives correct email id
16:57:57.051 [main] INFO  factory.BaseClass - validate the details in Confirm Details section
16:57:57.575 [main] INFO  factory.BaseClass - close the browser
17:04:38.900 [main] INFO  factory.BaseClass - user opens urbanladder website
17:05:04.176 [main] INFO  factory.BaseClass - user opens urbanladder website
17:05:16.012 [main] INFO  factory.BaseClass - user searches for Bookshelves
17:05:20.370 [main] INFO  factory.BaseClass - user selects the price range below fifteen thousand
17:05:23.907 [main] INFO  factory.BaseClass - user chooses the category Kid Bookshelves
17:05:27.077 [main] INFO  factory.BaseClass - exclude out of stock
17:05:30.805 [main] INFO  factory.BaseClass - sorts by price High to Low
17:05:34.094 [main] INFO  factory.BaseClass - fetch the top three items & print all details in console output
